<?xml version="1.0" encoding="UTF-8"?>
<testsuite hostname="Elan-thinkpad" name="com.mycompany.testng.StringUtilsTest" tests="5" failures="0" timestamp="29 Aug 2013 08:08:41 GMT" time="0.03" errors="0">
  <testcase name="multiTreadTest" time="0.005" classname="com.mycompany.testng.StringUtilsTest"/>
  <testcase name="multiTreadTest" time="0.005" classname="com.mycompany.testng.StringUtilsTest"/>
  <testcase name="multiTreadTest" time="0.006" classname="com.mycompany.testng.StringUtilsTest"/>
  <testcase name="multiTreadTest" time="0.0" classname="com.mycompany.testng.StringUtilsTest"/>
  <testcase name="multiTreadTest" time="0.001" classname="com.mycompany.testng.StringUtilsTest"/>
</testsuite>
