<?xml version="1.0" encoding="UTF-8"?>
<testsuite hostname="Elan-thinkpad" name="com.mycompany.testng.StringUtilsTest" tests="581" failures="0" timestamp="6 Sep 2013 05:31:24 GMT" time="0.87" errors="0">
  <testcase name="factoryTest" time="0.012" classname="com.mycompany.testng.StringUtilsTest"/>
  <testcase name="dataTest" time="0.007" classname="com.mycompany.testng.StringUtilsTest"/>
  <testcase name="trim" time="0.016" classname="com.mycompany.testng.StringUtilsTest"/>
  <testcase name="print" time="0.015" classname="com.mycompany.testng.StringUtilsTest"/>
  <testcase name="dataTest" time="0.001" classname="com.mycompany.testng.StringUtilsTest"/>
  <testcase name="dataTest" time="0.0" classname="com.mycompany.testng.StringUtilsTest"/>
  <testcase name="factoryTest" time="0.001" classname="com.mycompany.testng.StringUtilsTest"/>
  <testcase name="print" time="0.001" classname="com.mycompany.testng.StringUtilsTest"/>
  <testcase name="numUtil" time="0.004" classname="com.mycompany.testng.StringUtilsTest"/>
  <testcase name="numUtil" time="0.039" classname="com.mycompany.testng.StringUtilsTest"/>
  <testcase name="dataTest" time="0.002" classname="com.mycompany.testng.StringUtilsTest"/>
  <testcase name="dataTest" time="0.001" classname="com.mycompany.testng.StringUtilsTest"/>
  <testcase name="dataTest" time="0.001" classname="com.mycompany.testng.StringUtilsTest"/>
  <testcase name="multiTreadTest" time="0.007" classname="com.mycompany.testng.StringUtilsTest"/>
  <testcase name="trim" time="0.029" classname="com.mycompany.testng.StringUtilsTest"/>
  <testcase name="multiTreadTest" time="0.001" classname="com.mycompany.testng.StringUtilsTest"/>
  <testcase name="factoryTest" time="0.001" classname="com.mycompany.testng.StringUtilsTest"/>
  <testcase name="multiTreadTest" time="0.001" classname="com.mycompany.testng.StringUtilsTest"/>
  <testcase name="trim" time="0.001" classname="com.mycompany.testng.StringUtilsTest"/>
  <testcase name="multiTreadTest" time="0.001" classname="com.mycompany.testng.StringUtilsTest"/>
  <testcase name="multiTreadTest" time="0.001" classname="com.mycompany.testng.StringUtilsTest"/>
  <testcase name="print" time="0.0" classname="com.mycompany.testng.StringUtilsTest"/>
  <testcase name="multiTreadTest" time="0.001" classname="com.mycompany.testng.StringUtilsTest"/>
  <testcase name="numUtil" time="0.001" classname="com.mycompany.testng.StringUtilsTest"/>
  <testcase name="multiTreadTest" time="0.001" classname="com.mycompany.testng.StringUtilsTest"/>
  <testcase name="multiTreadTest" time="0.0" classname="com.mycompany.testng.StringUtilsTest"/>
  <testcase name="multiTreadTest" time="0.0" classname="com.mycompany.testng.StringUtilsTest"/>
  <testcase name="multiTreadTest" time="0.0" classname="com.mycompany.testng.StringUtilsTest"/>
  <testcase name="multiTreadTest" time="0.001" classname="com.mycompany.testng.StringUtilsTest"/>
  <testcase name="multiTreadTest" time="0.001" classname="com.mycompany.testng.StringUtilsTest"/>
  <testcase name="multiTreadTest" time="0.001" classname="com.mycompany.testng.StringUtilsTest"/>
  <testcase name="multiTreadTest" time="0.001" classname="com.mycompany.testng.StringUtilsTest"/>
  <testcase name="multiTreadTest" time="0.0" classname="com.mycompany.testng.StringUtilsTest"/>
  <testcase name="factoryTest" time="0.001" classname="com.mycompany.testng.StringUtilsTest"/>
  <testcase name="multiTreadTest" time="0.005" classname="com.mycompany.testng.StringUtilsTest"/>
  <testcase name="multiTreadTest" time="0.0" classname="com.mycompany.testng.StringUtilsTest"/>
  <testcase name="multiTreadTest" time="0.001" classname="com.mycompany.testng.StringUtilsTest"/>
  <testcase name="multiTreadTest" time="0.001" classname="com.mycompany.testng.StringUtilsTest"/>
  <testcase name="multiTreadTest" time="0.0" classname="com.mycompany.testng.StringUtilsTest"/>
  <testcase name="multiTreadTest" time="0.0" classname="com.mycompany.testng.StringUtilsTest"/>
  <testcase name="multiTreadTest" time="0.001" classname="com.mycompany.testng.StringUtilsTest"/>
  <testcase name="multiTreadTest" time="0.001" classname="com.mycompany.testng.StringUtilsTest"/>
  <testcase name="multiTreadTest" time="0.0" classname="com.mycompany.testng.StringUtilsTest"/>
  <testcase name="multiTreadTest" time="0.001" classname="com.mycompany.testng.StringUtilsTest"/>
  <testcase name="multiTreadTest" time="0.001" classname="com.mycompany.testng.StringUtilsTest"/>
  <testcase name="multiTreadTest" time="0.0" classname="com.mycompany.testng.StringUtilsTest"/>
  <testcase name="multiTreadTest" time="0.001" classname="com.mycompany.testng.StringUtilsTest"/>
  <testcase name="multiTreadTest" time="0.001" classname="com.mycompany.testng.StringUtilsTest"/>
  <testcase name="multiTreadTest" time="0.001" classname="com.mycompany.testng.StringUtilsTest"/>
  <testcase name="multiTreadTest" time="0.028" classname="com.mycompany.testng.StringUtilsTest"/>
  <testcase name="multiTreadTest" time="0.03" classname="com.mycompany.testng.StringUtilsTest"/>
  <testcase name="multiTreadTest" time="0.0" classname="com.mycompany.testng.StringUtilsTest"/>
  <testcase name="multiTreadTest" time="0.033" classname="com.mycompany.testng.StringUtilsTest"/>
  <testcase name="multiTreadTest" time="0.033" classname="com.mycompany.testng.StringUtilsTest"/>
  <testcase name="multiTreadTest" time="0.0" classname="com.mycompany.testng.StringUtilsTest"/>
  <testcase name="trim" time="0.036" classname="com.mycompany.testng.StringUtilsTest"/>
  <testcase name="multiTreadTest" time="0.036" classname="com.mycompany.testng.StringUtilsTest"/>
  <testcase name="multiTreadTest" time="0.037" classname="com.mycompany.testng.StringUtilsTest"/>
  <testcase name="multiTreadTest" time="0.0" classname="com.mycompany.testng.StringUtilsTest"/>
  <testcase name="multiTreadTest" time="0.039" classname="com.mycompany.testng.StringUtilsTest"/>
  <testcase name="dataTest" time="0.041" classname="com.mycompany.testng.StringUtilsTest"/>
  <testcase name="dataTest" time="0.001" classname="com.mycompany.testng.StringUtilsTest"/>
  <testcase name="multiTreadTest" time="0.005" classname="com.mycompany.testng.StringUtilsTest"/>
  <testcase name="multiTreadTest" time="0.006" classname="com.mycompany.testng.StringUtilsTest"/>
  <testcase name="multiTreadTest" time="0.0" classname="com.mycompany.testng.StringUtilsTest"/>
  <testcase name="multiTreadTest" time="0.001" classname="com.mycompany.testng.StringUtilsTest"/>
  <testcase name="multiTreadTest" time="0.0" classname="com.mycompany.testng.StringUtilsTest"/>
  <testcase name="multiTreadTest" time="0.0" classname="com.mycompany.testng.StringUtilsTest"/>
  <testcase name="multiTreadTest" time="0.001" classname="com.mycompany.testng.StringUtilsTest"/>
  <testcase name="multiTreadTest" time="0.018" classname="com.mycompany.testng.StringUtilsTest"/>
  <testcase name="multiTreadTest" time="0.025" classname="com.mycompany.testng.StringUtilsTest"/>
  <testcase name="multiTreadTest" time="0.05" classname="com.mycompany.testng.StringUtilsTest"/>
  <testcase name="multiTreadTest" time="0.001" classname="com.mycompany.testng.StringUtilsTest"/>
  <testcase name="print" time="0.012" classname="com.mycompany.testng.StringUtilsTest"/>
  <testcase name="multiTreadTest" time="0.003" classname="com.mycompany.testng.StringUtilsTest"/>
  <testcase name="multiTreadTest" time="0.002" classname="com.mycompany.testng.StringUtilsTest"/>
  <testcase name="multiTreadTest" time="0.0" classname="com.mycompany.testng.StringUtilsTest"/>
  <testcase name="multiTreadTest" time="0.001" classname="com.mycompany.testng.StringUtilsTest"/>
  <testcase name="multiTreadTest" time="0.001" classname="com.mycompany.testng.StringUtilsTest"/>
  <testcase name="multiTreadTest" time="0.025" classname="com.mycompany.testng.StringUtilsTest"/>
  <testcase name="multiTreadTest" time="0.0" classname="com.mycompany.testng.StringUtilsTest"/>
  <testcase name="multiTreadTest" time="0.037" classname="com.mycompany.testng.StringUtilsTest"/>
  <testcase name="dataTest" time="0.004" classname="com.mycompany.testng.StringUtilsTest"/>
  <testcase name="multiTreadTest" time="0.005" classname="com.mycompany.testng.StringUtilsTest"/>
  <testcase name="multiTreadTest" time="0.005" classname="com.mycompany.testng.StringUtilsTest"/>
  <testcase name="multiTreadTest" time="0.007" classname="com.mycompany.testng.StringUtilsTest"/>
  <testcase name="multiTreadTest" time="0.016" classname="com.mycompany.testng.StringUtilsTest"/>
  <testcase name="multiTreadTest" time="0.019" classname="com.mycompany.testng.StringUtilsTest"/>
  <testcase name="multiTreadTest" time="0.0" classname="com.mycompany.testng.StringUtilsTest"/>
  <testcase name="numUtil" time="0.0" classname="com.mycompany.testng.StringUtilsTest"/>
  <testcase name="multiTreadTest" time="0.008" classname="com.mycompany.testng.StringUtilsTest"/>
  <testcase name="multiTreadTest" time="0.001" classname="com.mycompany.testng.StringUtilsTest"/>
  <testcase name="dataTest" time="0.002" classname="com.mycompany.testng.StringUtilsTest"/>
  <testcase name="multiTreadTest" time="0.001" classname="com.mycompany.testng.StringUtilsTest"/>
  <testcase name="multiTreadTest" time="0.003" classname="com.mycompany.testng.StringUtilsTest"/>
  <testcase name="dataTest" time="0.004" classname="com.mycompany.testng.StringUtilsTest"/>
  <testcase name="multiTreadTest" time="0.009" classname="com.mycompany.testng.StringUtilsTest"/>
  <testcase name="multiTreadTest" time="0.015" classname="com.mycompany.testng.StringUtilsTest"/>
  <testcase name="multiTreadTest" time="0.015" classname="com.mycompany.testng.StringUtilsTest"/>
  <testcase name="multiTreadTest" time="0.019" classname="com.mycompany.testng.StringUtilsTest"/>
  <testcase name="multiTreadTest" time="0.0" classname="com.mycompany.testng.StringUtilsTest"/>
  <testcase name="multiTreadTest" time="0.004" classname="com.mycompany.testng.StringUtilsTest"/>
  <testcase name="multiTreadTest" time="0.001" classname="com.mycompany.testng.StringUtilsTest"/>
  <testcase name="multiTreadTest" time="0.0" classname="com.mycompany.testng.StringUtilsTest"/>
  <testcase name="multiTreadTest" time="0.01" classname="com.mycompany.testng.StringUtilsTest"/>
  <testcase name="dataTest" time="0.011" classname="com.mycompany.testng.StringUtilsTest"/>
  <testcase name="multiTreadTest" time="0.015" classname="com.mycompany.testng.StringUtilsTest"/>
  <testcase name="multiTreadTest" time="0.016" classname="com.mycompany.testng.StringUtilsTest"/>
  <testcase name="multiTreadTest" time="0.017" classname="com.mycompany.testng.StringUtilsTest"/>
  <testcase name="multiTreadTest" time="0.02" classname="com.mycompany.testng.StringUtilsTest"/>
  <testcase name="multiTreadTest" time="0.02" classname="com.mycompany.testng.StringUtilsTest"/>
  <testcase name="multiTreadTest" time="0.001" classname="com.mycompany.testng.StringUtilsTest"/>
  <testcase name="multiTreadTest" time="0.0" classname="com.mycompany.testng.StringUtilsTest"/>
  <testcase name="multiTreadTest" time="0.01" classname="com.mycompany.testng.StringUtilsTest"/>
  <testcase name="multiTreadTest" time="0.015" classname="com.mycompany.testng.StringUtilsTest"/>
  <testcase name="multiTreadTest" time="0.017" classname="com.mycompany.testng.StringUtilsTest"/>
  <testcase name="multiTreadTest" time="0.0" classname="com.mycompany.testng.StringUtilsTest"/>
  <testcase name="multiTreadTest" time="0.003" classname="com.mycompany.testng.StringUtilsTest"/>
  <testcase name="factoryTest" time="0.004" classname="com.mycompany.testng.StringUtilsTest"/>
  <testcase name="multiTreadTest" time="0.004" classname="com.mycompany.testng.StringUtilsTest"/>
  <testcase name="multiTreadTest" time="0.007" classname="com.mycompany.testng.StringUtilsTest"/>
  <testcase name="multiTreadTest" time="0.008" classname="com.mycompany.testng.StringUtilsTest"/>
  <testcase name="multiTreadTest" time="0.01" classname="com.mycompany.testng.StringUtilsTest"/>
  <testcase name="multiTreadTest" time="0.0" classname="com.mycompany.testng.StringUtilsTest"/>
  <testcase name="multiTreadTest" time="0.003" classname="com.mycompany.testng.StringUtilsTest"/>
  <testcase name="multiTreadTest" time="0.016" classname="com.mycompany.testng.StringUtilsTest"/>
  <testcase name="multiTreadTest" time="0.004" classname="com.mycompany.testng.StringUtilsTest"/>
  <testcase name="trim" time="0.005" classname="com.mycompany.testng.StringUtilsTest"/>
  <testcase name="multiTreadTest" time="0.0" classname="com.mycompany.testng.StringUtilsTest"/>
  <testcase name="multiTreadTest" time="0.013" classname="com.mycompany.testng.StringUtilsTest"/>
  <testcase name="multiTreadTest" time="0.016" classname="com.mycompany.testng.StringUtilsTest"/>
  <testcase name="multiTreadTest" time="0.001" classname="com.mycompany.testng.StringUtilsTest"/>
  <testcase name="multiTreadTest" time="0.002" classname="com.mycompany.testng.StringUtilsTest"/>
  <testcase name="multiTreadTest" time="0.003" classname="com.mycompany.testng.StringUtilsTest"/>
  <testcase name="multiTreadTest" time="0.004" classname="com.mycompany.testng.StringUtilsTest"/>
  <testcase name="multiTreadTest" time="0.007" classname="com.mycompany.testng.StringUtilsTest"/>
  <testcase name="multiTreadTest" time="0.01" classname="com.mycompany.testng.StringUtilsTest"/>
  <testcase name="multiTreadTest" time="0.011" classname="com.mycompany.testng.StringUtilsTest"/>
  <testcase name="multiTreadTest" time="0.011" classname="com.mycompany.testng.StringUtilsTest"/>
  <testcase name="multiTreadTest" time="0.006" classname="com.mycompany.testng.StringUtilsTest"/>
  <testcase name="multiTreadTest" time="0.0" classname="com.mycompany.testng.StringUtilsTest"/>
  <testcase name="multiTreadTest" time="0.0" classname="com.mycompany.testng.StringUtilsTest"/>
  <testcase name="multiTreadTest" time="0.013" classname="com.mycompany.testng.StringUtilsTest"/>
  <testcase name="multiTreadTest" time="0.003" classname="com.mycompany.testng.StringUtilsTest"/>
  <testcase name="multiTreadTest" time="0.003" classname="com.mycompany.testng.StringUtilsTest"/>
  <testcase name="multiTreadTest" time="0.004" classname="com.mycompany.testng.StringUtilsTest"/>
  <testcase name="multiTreadTest" time="0.011" classname="com.mycompany.testng.StringUtilsTest"/>
  <testcase name="multiTreadTest" time="0.0" classname="com.mycompany.testng.StringUtilsTest"/>
  <testcase name="multiTreadTest" time="0.011" classname="com.mycompany.testng.StringUtilsTest"/>
  <testcase name="multiTreadTest" time="0.011" classname="com.mycompany.testng.StringUtilsTest"/>
  <testcase name="multiTreadTest" time="0.013" classname="com.mycompany.testng.StringUtilsTest"/>
  <testcase name="print" time="0.013" classname="com.mycompany.testng.StringUtilsTest"/>
  <testcase name="multiTreadTest" time="0.006" classname="com.mycompany.testng.StringUtilsTest"/>
  <testcase name="multiTreadTest" time="0.001" classname="com.mycompany.testng.StringUtilsTest"/>
  <testcase name="multiTreadTest" time="0.009" classname="com.mycompany.testng.StringUtilsTest"/>
  <testcase name="multiTreadTest" time="0.001" classname="com.mycompany.testng.StringUtilsTest"/>
  <testcase name="multiTreadTest" time="0.013" classname="com.mycompany.testng.StringUtilsTest"/>
  <testcase name="multiTreadTest" time="0.014" classname="com.mycompany.testng.StringUtilsTest"/>
  <testcase name="multiTreadTest" time="0.003" classname="com.mycompany.testng.StringUtilsTest"/>
  <testcase name="multiTreadTest" time="0.003" classname="com.mycompany.testng.StringUtilsTest"/>
  <testcase name="multiTreadTest" time="0.007" classname="com.mycompany.testng.StringUtilsTest"/>
  <testcase name="multiTreadTest" time="0.018" classname="com.mycompany.testng.StringUtilsTest"/>
  <testcase name="multiTreadTest" time="0.019" classname="com.mycompany.testng.StringUtilsTest"/>
  <testcase name="multiTreadTest" time="0.023" classname="com.mycompany.testng.StringUtilsTest"/>
  <testcase name="numUtil" time="0.0" classname="com.mycompany.testng.StringUtilsTest"/>
  <testcase name="multiTreadTest" time="0.013" classname="com.mycompany.testng.StringUtilsTest"/>
  <testcase name="multiTreadTest" time="0.013" classname="com.mycompany.testng.StringUtilsTest"/>
  <testcase name="multiTreadTest" time="0.014" classname="com.mycompany.testng.StringUtilsTest"/>
  <testcase name="multiTreadTest" time="0.015" classname="com.mycompany.testng.StringUtilsTest"/>
  <testcase name="multiTreadTest" time="0.016" classname="com.mycompany.testng.StringUtilsTest"/>
  <testcase name="multiTreadTest" time="0.021" classname="com.mycompany.testng.StringUtilsTest"/>
  <testcase name="multiTreadTest" time="0.021" classname="com.mycompany.testng.StringUtilsTest"/>
  <testcase name="multiTreadTest" time="0.003" classname="com.mycompany.testng.StringUtilsTest"/>
  <testcase name="multiTreadTest" time="0.0" classname="com.mycompany.testng.StringUtilsTest"/>
  <testcase name="multiTreadTest" time="0.0" classname="com.mycompany.testng.StringUtilsTest"/>
  <testcase name="multiTreadTest" time="0.0" classname="com.mycompany.testng.StringUtilsTest"/>
  <testcase name="multiTreadTest" time="0.015" classname="com.mycompany.testng.StringUtilsTest"/>
  <testcase name="multiTreadTest" time="0.015" classname="com.mycompany.testng.StringUtilsTest"/>
  <testcase name="dataTest" time="0.003" classname="com.mycompany.testng.StringUtilsTest"/>
  <testcase name="dataTest" time="0.0" classname="com.mycompany.testng.StringUtilsTest"/>
  <testcase name="multiTreadTest" time="0.014" classname="com.mycompany.testng.StringUtilsTest"/>
  <testcase name="multiTreadTest" time="0.013" classname="com.mycompany.testng.StringUtilsTest"/>
  <testcase name="multiTreadTest" time="0.015" classname="com.mycompany.testng.StringUtilsTest"/>
  <testcase name="multiTreadTest" time="0.001" classname="com.mycompany.testng.StringUtilsTest"/>
  <testcase name="multiTreadTest" time="0.004" classname="com.mycompany.testng.StringUtilsTest"/>
  <testcase name="multiTreadTest" time="0.004" classname="com.mycompany.testng.StringUtilsTest"/>
  <testcase name="multiTreadTest" time="0.004" classname="com.mycompany.testng.StringUtilsTest"/>
  <testcase name="multiTreadTest" time="0.006" classname="com.mycompany.testng.StringUtilsTest"/>
  <testcase name="multiTreadTest" time="0.008" classname="com.mycompany.testng.StringUtilsTest"/>
  <testcase name="dataTest" time="0.011" classname="com.mycompany.testng.StringUtilsTest"/>
  <testcase name="multiTreadTest" time="0.013" classname="com.mycompany.testng.StringUtilsTest"/>
  <testcase name="multiTreadTest" time="0.0" classname="com.mycompany.testng.StringUtilsTest"/>
  <testcase name="multiTreadTest" time="0.001" classname="com.mycompany.testng.StringUtilsTest"/>
  <testcase name="multiTreadTest" time="0.001" classname="com.mycompany.testng.StringUtilsTest"/>
  <testcase name="multiTreadTest" time="0.001" classname="com.mycompany.testng.StringUtilsTest"/>
  <testcase name="multiTreadTest" time="0.001" classname="com.mycompany.testng.StringUtilsTest"/>
  <testcase name="factoryTest" time="0.0" classname="com.mycompany.testng.StringUtilsTest"/>
  <testcase name="multiTreadTest" time="0.012" classname="com.mycompany.testng.StringUtilsTest"/>
  <testcase name="multiTreadTest" time="0.0" classname="com.mycompany.testng.StringUtilsTest"/>
  <testcase name="multiTreadTest" time="0.001" classname="com.mycompany.testng.StringUtilsTest"/>
  <testcase name="multiTreadTest" time="0.0" classname="com.mycompany.testng.StringUtilsTest"/>
  <testcase name="multiTreadTest" time="0.01" classname="com.mycompany.testng.StringUtilsTest"/>
  <testcase name="multiTreadTest" time="0.01" classname="com.mycompany.testng.StringUtilsTest"/>
  <testcase name="multiTreadTest" time="0.01" classname="com.mycompany.testng.StringUtilsTest"/>
  <testcase name="multiTreadTest" time="0.012" classname="com.mycompany.testng.StringUtilsTest"/>
  <testcase name="multiTreadTest" time="0.001" classname="com.mycompany.testng.StringUtilsTest"/>
  <testcase name="multiTreadTest" time="0.0" classname="com.mycompany.testng.StringUtilsTest"/>
  <testcase name="multiTreadTest" time="0.005" classname="com.mycompany.testng.StringUtilsTest"/>
  <testcase name="multiTreadTest" time="0.007" classname="com.mycompany.testng.StringUtilsTest"/>
  <testcase name="trim" time="0.009" classname="com.mycompany.testng.StringUtilsTest"/>
  <testcase name="multiTreadTest" time="0.0" classname="com.mycompany.testng.StringUtilsTest"/>
  <testcase name="multiTreadTest" time="0.001" classname="com.mycompany.testng.StringUtilsTest"/>
  <testcase name="multiTreadTest" time="0.0" classname="com.mycompany.testng.StringUtilsTest"/>
  <testcase name="multiTreadTest" time="0.001" classname="com.mycompany.testng.StringUtilsTest"/>
  <testcase name="multiTreadTest" time="0.005" classname="com.mycompany.testng.StringUtilsTest"/>
  <testcase name="multiTreadTest" time="0.008" classname="com.mycompany.testng.StringUtilsTest"/>
  <testcase name="multiTreadTest" time="0.012" classname="com.mycompany.testng.StringUtilsTest"/>
  <testcase name="multiTreadTest" time="0.013" classname="com.mycompany.testng.StringUtilsTest"/>
  <testcase name="multiTreadTest" time="0.001" classname="com.mycompany.testng.StringUtilsTest"/>
  <testcase name="print" time="0.001" classname="com.mycompany.testng.StringUtilsTest"/>
  <testcase name="multiTreadTest" time="0.0" classname="com.mycompany.testng.StringUtilsTest"/>
  <testcase name="multiTreadTest" time="0.0" classname="com.mycompany.testng.StringUtilsTest"/>
  <testcase name="multiTreadTest" time="0.0" classname="com.mycompany.testng.StringUtilsTest"/>
  <testcase name="multiTreadTest" time="0.02" classname="com.mycompany.testng.StringUtilsTest"/>
  <testcase name="multiTreadTest" time="0.001" classname="com.mycompany.testng.StringUtilsTest"/>
  <testcase name="multiTreadTest" time="0.001" classname="com.mycompany.testng.StringUtilsTest"/>
  <testcase name="multiTreadTest" time="0.001" classname="com.mycompany.testng.StringUtilsTest"/>
  <testcase name="multiTreadTest" time="0.001" classname="com.mycompany.testng.StringUtilsTest"/>
  <testcase name="multiTreadTest" time="0.001" classname="com.mycompany.testng.StringUtilsTest"/>
  <testcase name="multiTreadTest" time="0.0" classname="com.mycompany.testng.StringUtilsTest"/>
  <testcase name="dataTest" time="0.001" classname="com.mycompany.testng.StringUtilsTest"/>
  <testcase name="dataTest" time="0.001" classname="com.mycompany.testng.StringUtilsTest"/>
  <testcase name="dataTest" time="0.001" classname="com.mycompany.testng.StringUtilsTest"/>
  <testcase name="multiTreadTest" time="0.001" classname="com.mycompany.testng.StringUtilsTest"/>
  <testcase name="multiTreadTest" time="0.001" classname="com.mycompany.testng.StringUtilsTest"/>
  <testcase name="multiTreadTest" time="0.0" classname="com.mycompany.testng.StringUtilsTest"/>
  <testcase name="multiTreadTest" time="0.0" classname="com.mycompany.testng.StringUtilsTest"/>
  <testcase name="numUtil" time="0.018" classname="com.mycompany.testng.StringUtilsTest"/>
  <testcase name="multiTreadTest" time="0.014" classname="com.mycompany.testng.StringUtilsTest"/>
  <testcase name="factoryTest" time="0.001" classname="com.mycompany.testng.StringUtilsTest"/>
  <testcase name="multiTreadTest" time="0.022" classname="com.mycompany.testng.StringUtilsTest"/>
  <testcase name="multiTreadTest" time="0.0" classname="com.mycompany.testng.StringUtilsTest"/>
  <testcase name="trim" time="0.001" classname="com.mycompany.testng.StringUtilsTest"/>
  <testcase name="multiTreadTest" time="0.011" classname="com.mycompany.testng.StringUtilsTest"/>
  <testcase name="multiTreadTest" time="0.026" classname="com.mycompany.testng.StringUtilsTest"/>
  <testcase name="multiTreadTest" time="0.026" classname="com.mycompany.testng.StringUtilsTest"/>
  <testcase name="multiTreadTest" time="0.008" classname="com.mycompany.testng.StringUtilsTest"/>
  <testcase name="print" time="0.008" classname="com.mycompany.testng.StringUtilsTest"/>
  <testcase name="multiTreadTest" time="0.009" classname="com.mycompany.testng.StringUtilsTest"/>
  <testcase name="multiTreadTest" time="0.011" classname="com.mycompany.testng.StringUtilsTest"/>
  <testcase name="multiTreadTest" time="0.012" classname="com.mycompany.testng.StringUtilsTest"/>
  <testcase name="multiTreadTest" time="0.012" classname="com.mycompany.testng.StringUtilsTest"/>
  <testcase name="multiTreadTest" time="0.0" classname="com.mycompany.testng.StringUtilsTest"/>
  <testcase name="multiTreadTest" time="0.0" classname="com.mycompany.testng.StringUtilsTest"/>
  <testcase name="multiTreadTest" time="0.007" classname="com.mycompany.testng.StringUtilsTest"/>
  <testcase name="numUtil" time="0.0" classname="com.mycompany.testng.StringUtilsTest"/>
  <testcase name="multiTreadTest" time="0.008" classname="com.mycompany.testng.StringUtilsTest"/>
  <testcase name="multiTreadTest" time="0.005" classname="com.mycompany.testng.StringUtilsTest"/>
  <testcase name="multiTreadTest" time="0.0" classname="com.mycompany.testng.StringUtilsTest"/>
  <testcase name="dataTest" time="0.001" classname="com.mycompany.testng.StringUtilsTest"/>
  <testcase name="multiTreadTest" time="0.009" classname="com.mycompany.testng.StringUtilsTest"/>
  <testcase name="multiTreadTest" time="0.009" classname="com.mycompany.testng.StringUtilsTest"/>
  <testcase name="multiTreadTest" time="0.012" classname="com.mycompany.testng.StringUtilsTest"/>
  <testcase name="multiTreadTest" time="0.001" classname="com.mycompany.testng.StringUtilsTest"/>
  <testcase name="multiTreadTest" time="0.002" classname="com.mycompany.testng.StringUtilsTest"/>
  <testcase name="multiTreadTest" time="0.004" classname="com.mycompany.testng.StringUtilsTest"/>
  <testcase name="multiTreadTest" time="0.001" classname="com.mycompany.testng.StringUtilsTest"/>
  <testcase name="dataTest" time="0.002" classname="com.mycompany.testng.StringUtilsTest"/>
  <testcase name="multiTreadTest" time="0.003" classname="com.mycompany.testng.StringUtilsTest"/>
  <testcase name="multiTreadTest" time="0.003" classname="com.mycompany.testng.StringUtilsTest"/>
  <testcase name="multiTreadTest" time="0.001" classname="com.mycompany.testng.StringUtilsTest"/>
  <testcase name="multiTreadTest" time="0.009" classname="com.mycompany.testng.StringUtilsTest"/>
  <testcase name="multiTreadTest" time="0.009" classname="com.mycompany.testng.StringUtilsTest"/>
  <testcase name="multiTreadTest" time="0.001" classname="com.mycompany.testng.StringUtilsTest"/>
  <testcase name="multiTreadTest" time="0.003" classname="com.mycompany.testng.StringUtilsTest"/>
  <testcase name="multiTreadTest" time="0.003" classname="com.mycompany.testng.StringUtilsTest"/>
  <testcase name="multiTreadTest" time="0.005" classname="com.mycompany.testng.StringUtilsTest"/>
  <testcase name="multiTreadTest" time="0.006" classname="com.mycompany.testng.StringUtilsTest"/>
  <testcase name="multiTreadTest" time="0.0" classname="com.mycompany.testng.StringUtilsTest"/>
  <testcase name="multiTreadTest" time="0.001" classname="com.mycompany.testng.StringUtilsTest"/>
  <testcase name="multiTreadTest" time="0.0" classname="com.mycompany.testng.StringUtilsTest"/>
  <testcase name="multiTreadTest" time="0.001" classname="com.mycompany.testng.StringUtilsTest"/>
  <testcase name="multiTreadTest" time="0.0" classname="com.mycompany.testng.StringUtilsTest"/>
  <testcase name="multiTreadTest" time="0.001" classname="com.mycompany.testng.StringUtilsTest"/>
  <testcase name="multiTreadTest" time="0.011" classname="com.mycompany.testng.StringUtilsTest"/>
  <testcase name="multiTreadTest" time="0.0" classname="com.mycompany.testng.StringUtilsTest"/>
  <testcase name="multiTreadTest" time="0.001" classname="com.mycompany.testng.StringUtilsTest"/>
  <testcase name="multiTreadTest" time="0.006" classname="com.mycompany.testng.StringUtilsTest"/>
  <testcase name="multiTreadTest" time="0.0" classname="com.mycompany.testng.StringUtilsTest"/>
  <testcase name="multiTreadTest" time="0.001" classname="com.mycompany.testng.StringUtilsTest"/>
  <testcase name="multiTreadTest" time="0.003" classname="com.mycompany.testng.StringUtilsTest"/>
  <testcase name="multiTreadTest" time="0.016" classname="com.mycompany.testng.StringUtilsTest"/>
  <testcase name="multiTreadTest" time="0.0" classname="com.mycompany.testng.StringUtilsTest"/>
  <testcase name="multiTreadTest" time="0.001" classname="com.mycompany.testng.StringUtilsTest"/>
  <testcase name="dataTest" time="0.02" classname="com.mycompany.testng.StringUtilsTest"/>
  <testcase name="multiTreadTest" time="0.0" classname="com.mycompany.testng.StringUtilsTest"/>
  <testcase name="multiTreadTest" time="0.001" classname="com.mycompany.testng.StringUtilsTest"/>
  <testcase name="multiTreadTest" time="0.0" classname="com.mycompany.testng.StringUtilsTest"/>
  <testcase name="multiTreadTest" time="0.006" classname="com.mycompany.testng.StringUtilsTest"/>
  <testcase name="multiTreadTest" time="0.012" classname="com.mycompany.testng.StringUtilsTest"/>
  <testcase name="multiTreadTest" time="0.008" classname="com.mycompany.testng.StringUtilsTest"/>
  <testcase name="multiTreadTest" time="0.018" classname="com.mycompany.testng.StringUtilsTest"/>
  <testcase name="multiTreadTest" time="0.0" classname="com.mycompany.testng.StringUtilsTest"/>
  <testcase name="multiTreadTest" time="0.033" classname="com.mycompany.testng.StringUtilsTest"/>
  <testcase name="multiTreadTest" time="0.015" classname="com.mycompany.testng.StringUtilsTest"/>
  <testcase name="multiTreadTest" time="0.017" classname="com.mycompany.testng.StringUtilsTest"/>
  <testcase name="multiTreadTest" time="0.017" classname="com.mycompany.testng.StringUtilsTest"/>
  <testcase name="multiTreadTest" time="0.019" classname="com.mycompany.testng.StringUtilsTest"/>
  <testcase name="multiTreadTest" time="0.02" classname="com.mycompany.testng.StringUtilsTest"/>
  <testcase name="multiTreadTest" time="0.022" classname="com.mycompany.testng.StringUtilsTest"/>
  <testcase name="multiTreadTest" time="0.003" classname="com.mycompany.testng.StringUtilsTest"/>
  <testcase name="multiTreadTest" time="0.0" classname="com.mycompany.testng.StringUtilsTest"/>
  <testcase name="factoryTest" time="0.001" classname="com.mycompany.testng.StringUtilsTest"/>
  <testcase name="trim" time="0.001" classname="com.mycompany.testng.StringUtilsTest"/>
  <testcase name="multiTreadTest" time="0.033" classname="com.mycompany.testng.StringUtilsTest"/>
  <testcase name="multiTreadTest" time="0.001" classname="com.mycompany.testng.StringUtilsTest"/>
  <testcase name="multiTreadTest" time="0.011" classname="com.mycompany.testng.StringUtilsTest"/>
  <testcase name="multiTreadTest" time="0.0" classname="com.mycompany.testng.StringUtilsTest"/>
  <testcase name="multiTreadTest" time="0.014" classname="com.mycompany.testng.StringUtilsTest"/>
  <testcase name="multiTreadTest" time="0.015" classname="com.mycompany.testng.StringUtilsTest"/>
  <testcase name="multiTreadTest" time="0.018" classname="com.mycompany.testng.StringUtilsTest"/>
  <testcase name="multiTreadTest" time="0.0" classname="com.mycompany.testng.StringUtilsTest"/>
  <testcase name="multiTreadTest" time="0.001" classname="com.mycompany.testng.StringUtilsTest"/>
  <testcase name="multiTreadTest" time="0.0" classname="com.mycompany.testng.StringUtilsTest"/>
  <testcase name="multiTreadTest" time="0.022" classname="com.mycompany.testng.StringUtilsTest"/>
  <testcase name="numUtil" time="0.0" classname="com.mycompany.testng.StringUtilsTest"/>
  <testcase name="multiTreadTest" time="0.011" classname="com.mycompany.testng.StringUtilsTest"/>
  <testcase name="multiTreadTest" time="0.0" classname="com.mycompany.testng.StringUtilsTest"/>
  <testcase name="multiTreadTest" time="0.0" classname="com.mycompany.testng.StringUtilsTest"/>
  <testcase name="multiTreadTest" time="0.0" classname="com.mycompany.testng.StringUtilsTest"/>
  <testcase name="multiTreadTest" time="0.019" classname="com.mycompany.testng.StringUtilsTest"/>
  <testcase name="multiTreadTest" time="0.0" classname="com.mycompany.testng.StringUtilsTest"/>
  <testcase name="multiTreadTest" time="0.001" classname="com.mycompany.testng.StringUtilsTest"/>
  <testcase name="multiTreadTest" time="0.001" classname="com.mycompany.testng.StringUtilsTest"/>
  <testcase name="print" time="0.026" classname="com.mycompany.testng.StringUtilsTest"/>
  <testcase name="multiTreadTest" time="0.001" classname="com.mycompany.testng.StringUtilsTest"/>
  <testcase name="multiTreadTest" time="0.0" classname="com.mycompany.testng.StringUtilsTest"/>
  <testcase name="multiTreadTest" time="0.0" classname="com.mycompany.testng.StringUtilsTest"/>
  <testcase name="multiTreadTest" time="0.0" classname="com.mycompany.testng.StringUtilsTest"/>
  <testcase name="multiTreadTest" time="0.008" classname="com.mycompany.testng.StringUtilsTest"/>
  <testcase name="multiTreadTest" time="0.02" classname="com.mycompany.testng.StringUtilsTest"/>
  <testcase name="multiTreadTest" time="0.001" classname="com.mycompany.testng.StringUtilsTest"/>
  <testcase name="multiTreadTest" time="0.025" classname="com.mycompany.testng.StringUtilsTest"/>
  <testcase name="multiTreadTest" time="0.023" classname="com.mycompany.testng.StringUtilsTest"/>
  <testcase name="multiTreadTest" time="0.001" classname="com.mycompany.testng.StringUtilsTest"/>
  <testcase name="multiTreadTest" time="0.0" classname="com.mycompany.testng.StringUtilsTest"/>
  <testcase name="dataTest" time="0.027" classname="com.mycompany.testng.StringUtilsTest"/>
  <testcase name="multiTreadTest" time="0.035" classname="com.mycompany.testng.StringUtilsTest"/>
  <testcase name="multiTreadTest" time="0.001" classname="com.mycompany.testng.StringUtilsTest"/>
  <testcase name="multiTreadTest" time="0.002" classname="com.mycompany.testng.StringUtilsTest"/>
  <testcase name="multiTreadTest" time="0.002" classname="com.mycompany.testng.StringUtilsTest"/>
  <testcase name="multiTreadTest" time="0.029" classname="com.mycompany.testng.StringUtilsTest"/>
  <testcase name="multiTreadTest" time="0.001" classname="com.mycompany.testng.StringUtilsTest"/>
  <testcase name="multiTreadTest" time="0.001" classname="com.mycompany.testng.StringUtilsTest"/>
  <testcase name="multiTreadTest" time="0.001" classname="com.mycompany.testng.StringUtilsTest"/>
  <testcase name="multiTreadTest" time="0.001" classname="com.mycompany.testng.StringUtilsTest"/>
  <testcase name="multiTreadTest" time="0.001" classname="com.mycompany.testng.StringUtilsTest"/>
  <testcase name="multiTreadTest" time="0.039" classname="com.mycompany.testng.StringUtilsTest"/>
  <testcase name="multiTreadTest" time="0.001" classname="com.mycompany.testng.StringUtilsTest"/>
  <testcase name="multiTreadTest" time="0.0" classname="com.mycompany.testng.StringUtilsTest"/>
  <testcase name="multiTreadTest" time="0.0" classname="com.mycompany.testng.StringUtilsTest"/>
  <testcase name="multiTreadTest" time="0.0" classname="com.mycompany.testng.StringUtilsTest"/>
  <testcase name="multiTreadTest" time="0.0" classname="com.mycompany.testng.StringUtilsTest"/>
  <testcase name="multiTreadTest" time="0.0" classname="com.mycompany.testng.StringUtilsTest"/>
  <testcase name="multiTreadTest" time="0.0" classname="com.mycompany.testng.StringUtilsTest"/>
  <testcase name="multiTreadTest" time="0.0" classname="com.mycompany.testng.StringUtilsTest"/>
  <testcase name="multiTreadTest" time="0.0" classname="com.mycompany.testng.StringUtilsTest"/>
  <testcase name="multiTreadTest" time="0.0" classname="com.mycompany.testng.StringUtilsTest"/>
  <testcase name="multiTreadTest" time="0.001" classname="com.mycompany.testng.StringUtilsTest"/>
  <testcase name="multiTreadTest" time="0.001" classname="com.mycompany.testng.StringUtilsTest"/>
  <testcase name="multiTreadTest" time="0.0" classname="com.mycompany.testng.StringUtilsTest"/>
  <testcase name="multiTreadTest" time="0.0" classname="com.mycompany.testng.StringUtilsTest"/>
  <testcase name="multiTreadTest" time="0.001" classname="com.mycompany.testng.StringUtilsTest"/>
  <testcase name="multiTreadTest" time="0.0" classname="com.mycompany.testng.StringUtilsTest"/>
  <testcase name="multiTreadTest" time="0.001" classname="com.mycompany.testng.StringUtilsTest"/>
  <testcase name="multiTreadTest" time="0.001" classname="com.mycompany.testng.StringUtilsTest"/>
  <testcase name="multiTreadTest" time="0.001" classname="com.mycompany.testng.StringUtilsTest"/>
  <testcase name="multiTreadTest" time="0.0" classname="com.mycompany.testng.StringUtilsTest"/>
  <testcase name="multiTreadTest" time="0.001" classname="com.mycompany.testng.StringUtilsTest"/>
  <testcase name="multiTreadTest" time="0.001" classname="com.mycompany.testng.StringUtilsTest"/>
  <testcase name="multiTreadTest" time="0.001" classname="com.mycompany.testng.StringUtilsTest"/>
  <testcase name="multiTreadTest" time="0.0" classname="com.mycompany.testng.StringUtilsTest"/>
  <testcase name="multiTreadTest" time="0.0" classname="com.mycompany.testng.StringUtilsTest"/>
  <testcase name="multiTreadTest" time="0.0" classname="com.mycompany.testng.StringUtilsTest"/>
  <testcase name="multiTreadTest" time="0.001" classname="com.mycompany.testng.StringUtilsTest"/>
  <testcase name="multiTreadTest" time="0.0" classname="com.mycompany.testng.StringUtilsTest"/>
  <testcase name="multiTreadTest" time="0.08" classname="com.mycompany.testng.StringUtilsTest"/>
  <testcase name="multiTreadTest" time="0.081" classname="com.mycompany.testng.StringUtilsTest"/>
  <testcase name="multiTreadTest" time="0.09" classname="com.mycompany.testng.StringUtilsTest"/>
  <testcase name="multiTreadTest" time="0.0" classname="com.mycompany.testng.StringUtilsTest"/>
  <testcase name="multiTreadTest" time="0.001" classname="com.mycompany.testng.StringUtilsTest"/>
  <testcase name="multiTreadTest" time="0.001" classname="com.mycompany.testng.StringUtilsTest"/>
  <testcase name="multiTreadTest" time="0.001" classname="com.mycompany.testng.StringUtilsTest"/>
  <testcase name="multiTreadTest" time="0.001" classname="com.mycompany.testng.StringUtilsTest"/>
  <testcase name="multiTreadTest" time="0.0" classname="com.mycompany.testng.StringUtilsTest"/>
  <testcase name="multiTreadTest" time="0.0" classname="com.mycompany.testng.StringUtilsTest"/>
  <testcase name="multiTreadTest" time="0.106" classname="com.mycompany.testng.StringUtilsTest"/>
  <testcase name="multiTreadTest" time="0.0" classname="com.mycompany.testng.StringUtilsTest"/>
  <testcase name="multiTreadTest" time="0.01" classname="com.mycompany.testng.StringUtilsTest"/>
  <testcase name="multiTreadTest" time="0.0" classname="com.mycompany.testng.StringUtilsTest"/>
  <testcase name="multiTreadTest" time="0.021" classname="com.mycompany.testng.StringUtilsTest"/>
  <testcase name="multiTreadTest" time="0.052" classname="com.mycompany.testng.StringUtilsTest"/>
  <testcase name="dataTest" time="0.089" classname="com.mycompany.testng.StringUtilsTest"/>
  <testcase name="multiTreadTest" time="0.091" classname="com.mycompany.testng.StringUtilsTest"/>
  <testcase name="multiTreadTest" time="0.001" classname="com.mycompany.testng.StringUtilsTest"/>
  <testcase name="multiTreadTest" time="0.004" classname="com.mycompany.testng.StringUtilsTest"/>
  <testcase name="multiTreadTest" time="0.005" classname="com.mycompany.testng.StringUtilsTest"/>
  <testcase name="multiTreadTest" time="0.001" classname="com.mycompany.testng.StringUtilsTest"/>
  <testcase name="multiTreadTest" time="0.007" classname="com.mycompany.testng.StringUtilsTest"/>
  <testcase name="multiTreadTest" time="0.008" classname="com.mycompany.testng.StringUtilsTest"/>
  <testcase name="multiTreadTest" time="0.001" classname="com.mycompany.testng.StringUtilsTest"/>
  <testcase name="multiTreadTest" time="0.001" classname="com.mycompany.testng.StringUtilsTest"/>
  <testcase name="multiTreadTest" time="0.0" classname="com.mycompany.testng.StringUtilsTest"/>
  <testcase name="multiTreadTest" time="0.004" classname="com.mycompany.testng.StringUtilsTest"/>
  <testcase name="dataTest" time="0.007" classname="com.mycompany.testng.StringUtilsTest"/>
  <testcase name="factoryTest" time="0.0" classname="com.mycompany.testng.StringUtilsTest"/>
  <testcase name="multiTreadTest" time="0.01" classname="com.mycompany.testng.StringUtilsTest"/>
  <testcase name="multiTreadTest" time="0.011" classname="com.mycompany.testng.StringUtilsTest"/>
  <testcase name="multiTreadTest" time="0.001" classname="com.mycompany.testng.StringUtilsTest"/>
  <testcase name="trim" time="0.0" classname="com.mycompany.testng.StringUtilsTest"/>
  <testcase name="multiTreadTest" time="0.007" classname="com.mycompany.testng.StringUtilsTest"/>
  <testcase name="multiTreadTest" time="0.001" classname="com.mycompany.testng.StringUtilsTest"/>
  <testcase name="multiTreadTest" time="0.001" classname="com.mycompany.testng.StringUtilsTest"/>
  <testcase name="multiTreadTest" time="0.001" classname="com.mycompany.testng.StringUtilsTest"/>
  <testcase name="multiTreadTest" time="0.001" classname="com.mycompany.testng.StringUtilsTest"/>
  <testcase name="multiTreadTest" time="0.002" classname="com.mycompany.testng.StringUtilsTest"/>
  <testcase name="multiTreadTest" time="0.014" classname="com.mycompany.testng.StringUtilsTest"/>
  <testcase name="multiTreadTest" time="0.015" classname="com.mycompany.testng.StringUtilsTest"/>
  <testcase name="multiTreadTest" time="0.0" classname="com.mycompany.testng.StringUtilsTest"/>
  <testcase name="multiTreadTest" time="0.018" classname="com.mycompany.testng.StringUtilsTest"/>
  <testcase name="multiTreadTest" time="0.002" classname="com.mycompany.testng.StringUtilsTest"/>
  <testcase name="multiTreadTest" time="0.0" classname="com.mycompany.testng.StringUtilsTest"/>
  <testcase name="numUtil" time="0.01" classname="com.mycompany.testng.StringUtilsTest"/>
  <testcase name="multiTreadTest" time="0.0" classname="com.mycompany.testng.StringUtilsTest"/>
  <testcase name="print" time="0.01" classname="com.mycompany.testng.StringUtilsTest"/>
  <testcase name="multiTreadTest" time="0.003" classname="com.mycompany.testng.StringUtilsTest"/>
  <testcase name="multiTreadTest" time="0.005" classname="com.mycompany.testng.StringUtilsTest"/>
  <testcase name="multiTreadTest" time="0.0" classname="com.mycompany.testng.StringUtilsTest"/>
  <testcase name="multiTreadTest" time="0.007" classname="com.mycompany.testng.StringUtilsTest"/>
  <testcase name="dataTest" time="0.009" classname="com.mycompany.testng.StringUtilsTest"/>
  <testcase name="multiTreadTest" time="0.009" classname="com.mycompany.testng.StringUtilsTest"/>
  <testcase name="multiTreadTest" time="0.009" classname="com.mycompany.testng.StringUtilsTest"/>
  <testcase name="multiTreadTest" time="0.011" classname="com.mycompany.testng.StringUtilsTest"/>
  <testcase name="multiTreadTest" time="0.015" classname="com.mycompany.testng.StringUtilsTest"/>
  <testcase name="multiTreadTest" time="0.003" classname="com.mycompany.testng.StringUtilsTest"/>
  <testcase name="multiTreadTest" time="0.001" classname="com.mycompany.testng.StringUtilsTest"/>
  <testcase name="multiTreadTest" time="0.001" classname="com.mycompany.testng.StringUtilsTest"/>
  <testcase name="multiTreadTest" time="0.001" classname="com.mycompany.testng.StringUtilsTest"/>
  <testcase name="multiTreadTest" time="0.0" classname="com.mycompany.testng.StringUtilsTest"/>
  <testcase name="multiTreadTest" time="0.009" classname="com.mycompany.testng.StringUtilsTest"/>
  <testcase name="multiTreadTest" time="0.0" classname="com.mycompany.testng.StringUtilsTest"/>
  <testcase name="multiTreadTest" time="0.018" classname="com.mycompany.testng.StringUtilsTest"/>
  <testcase name="factoryTest" time="0.018" classname="com.mycompany.testng.StringUtilsTest"/>
  <testcase name="multiTreadTest" time="0.02" classname="com.mycompany.testng.StringUtilsTest"/>
  <testcase name="multiTreadTest" time="0.02" classname="com.mycompany.testng.StringUtilsTest"/>
  <testcase name="multiTreadTest" time="0.003" classname="com.mycompany.testng.StringUtilsTest"/>
  <testcase name="dataTest" time="0.006" classname="com.mycompany.testng.StringUtilsTest"/>
  <testcase name="multiTreadTest" time="0.0" classname="com.mycompany.testng.StringUtilsTest"/>
  <testcase name="multiTreadTest" time="0.002" classname="com.mycompany.testng.StringUtilsTest"/>
  <testcase name="multiTreadTest" time="0.004" classname="com.mycompany.testng.StringUtilsTest"/>
  <testcase name="multiTreadTest" time="0.004" classname="com.mycompany.testng.StringUtilsTest"/>
  <testcase name="trim" time="0.005" classname="com.mycompany.testng.StringUtilsTest"/>
  <testcase name="multiTreadTest" time="0.006" classname="com.mycompany.testng.StringUtilsTest"/>
  <testcase name="multiTreadTest" time="0.003" classname="com.mycompany.testng.StringUtilsTest"/>
  <testcase name="multiTreadTest" time="0.003" classname="com.mycompany.testng.StringUtilsTest"/>
  <testcase name="multiTreadTest" time="0.007" classname="com.mycompany.testng.StringUtilsTest"/>
  <testcase name="dataTest" time="0.007" classname="com.mycompany.testng.StringUtilsTest"/>
  <testcase name="multiTreadTest" time="0.0" classname="com.mycompany.testng.StringUtilsTest"/>
  <testcase name="multiTreadTest" time="0.0" classname="com.mycompany.testng.StringUtilsTest"/>
  <testcase name="multiTreadTest" time="0.0" classname="com.mycompany.testng.StringUtilsTest"/>
  <testcase name="multiTreadTest" time="0.001" classname="com.mycompany.testng.StringUtilsTest"/>
  <testcase name="print" time="0.01" classname="com.mycompany.testng.StringUtilsTest"/>
  <testcase name="multiTreadTest" time="0.002" classname="com.mycompany.testng.StringUtilsTest"/>
  <testcase name="multiTreadTest" time="0.002" classname="com.mycompany.testng.StringUtilsTest"/>
  <testcase name="multiTreadTest" time="0.003" classname="com.mycompany.testng.StringUtilsTest"/>
  <testcase name="multiTreadTest" time="0.006" classname="com.mycompany.testng.StringUtilsTest"/>
  <testcase name="numUtil" time="0.007" classname="com.mycompany.testng.StringUtilsTest"/>
  <testcase name="multiTreadTest" time="0.001" classname="com.mycompany.testng.StringUtilsTest"/>
  <testcase name="multiTreadTest" time="0.001" classname="com.mycompany.testng.StringUtilsTest"/>
  <testcase name="multiTreadTest" time="0.007" classname="com.mycompany.testng.StringUtilsTest"/>
  <testcase name="multiTreadTest" time="0.0" classname="com.mycompany.testng.StringUtilsTest"/>
  <testcase name="multiTreadTest" time="0.005" classname="com.mycompany.testng.StringUtilsTest"/>
  <testcase name="multiTreadTest" time="0.007" classname="com.mycompany.testng.StringUtilsTest"/>
  <testcase name="multiTreadTest" time="0.0" classname="com.mycompany.testng.StringUtilsTest"/>
  <testcase name="multiTreadTest" time="0.006" classname="com.mycompany.testng.StringUtilsTest"/>
  <testcase name="dataTest" time="0.005" classname="com.mycompany.testng.StringUtilsTest"/>
  <testcase name="multiTreadTest" time="0.007" classname="com.mycompany.testng.StringUtilsTest"/>
  <testcase name="multiTreadTest" time="0.001" classname="com.mycompany.testng.StringUtilsTest"/>
  <testcase name="multiTreadTest" time="0.005" classname="com.mycompany.testng.StringUtilsTest"/>
  <testcase name="multiTreadTest" time="0.005" classname="com.mycompany.testng.StringUtilsTest"/>
  <testcase name="multiTreadTest" time="0.005" classname="com.mycompany.testng.StringUtilsTest"/>
  <testcase name="multiTreadTest" time="0.001" classname="com.mycompany.testng.StringUtilsTest"/>
  <testcase name="multiTreadTest" time="0.001" classname="com.mycompany.testng.StringUtilsTest"/>
  <testcase name="multiTreadTest" time="0.006" classname="com.mycompany.testng.StringUtilsTest"/>
  <testcase name="multiTreadTest" time="0.01" classname="com.mycompany.testng.StringUtilsTest"/>
  <testcase name="multiTreadTest" time="0.0" classname="com.mycompany.testng.StringUtilsTest"/>
  <testcase name="multiTreadTest" time="0.002" classname="com.mycompany.testng.StringUtilsTest"/>
  <testcase name="multiTreadTest" time="0.009" classname="com.mycompany.testng.StringUtilsTest"/>
  <testcase name="multiTreadTest" time="0.0" classname="com.mycompany.testng.StringUtilsTest"/>
  <testcase name="multiTreadTest" time="0.0" classname="com.mycompany.testng.StringUtilsTest"/>
  <testcase name="test" time="0.013" classname="com.mycompany.practice.ConvertorTest"/>
  <testcase name="isEmpty" time="0.001" classname="com.mycompany.testng.StringUtilsTest"/>
  <testcase name="multiTreadTest" time="0.003" classname="com.mycompany.testng.StringUtilsTest"/>
  <testcase name="multiTreadTest" time="0.001" classname="com.mycompany.testng.StringUtilsTest"/>
  <testcase name="isEmpty" time="0.0" classname="com.mycompany.testng.StringUtilsTest"/>
  <testcase name="isEmpty" time="0.0" classname="com.mycompany.testng.StringUtilsTest"/>
  <testcase name="isEmpty" time="0.0" classname="com.mycompany.testng.StringUtilsTest"/>
  <testcase name="isEmpty" time="0.0" classname="com.mycompany.testng.StringUtilsTest"/>
  <testcase name="isEmpty" time="0.0" classname="com.mycompany.testng.StringUtilsTest"/>
  <testcase name="multiTreadTest" time="0.021" classname="com.mycompany.testng.StringUtilsTest"/>
  <testcase name="isEmpty" time="0.0" classname="com.mycompany.testng.StringUtilsTest"/>
  <testcase name="isEmpty" time="0.0" classname="com.mycompany.testng.StringUtilsTest"/>
  <testcase name="isEmpty" time="0.001" classname="com.mycompany.testng.StringUtilsTest"/>
  <testcase name="multiTreadTest" time="0.033" classname="com.mycompany.testng.StringUtilsTest"/>
  <testcase name="multiTreadTest" time="0.001" classname="com.mycompany.testng.StringUtilsTest"/>
  <testcase name="multiTreadTest" time="0.0" classname="com.mycompany.testng.StringUtilsTest"/>
  <testcase name="multiTreadTest" time="0.0" classname="com.mycompany.testng.StringUtilsTest"/>
  <testcase name="multiTreadTest" time="0.0" classname="com.mycompany.testng.StringUtilsTest"/>
  <testcase name="multiTreadTest" time="0.001" classname="com.mycompany.testng.StringUtilsTest"/>
  <testcase name="multiTreadTest" time="0.04" classname="com.mycompany.testng.StringUtilsTest"/>
  <testcase name="multiTreadTest" time="0.064" classname="com.mycompany.testng.StringUtilsTest"/>
  <testcase name="multiTreadTest" time="0.0" classname="com.mycompany.testng.StringUtilsTest"/>
  <testcase name="multiTreadTest" time="0.0" classname="com.mycompany.testng.StringUtilsTest"/>
  <testcase name="multiTreadTest" time="0.0" classname="com.mycompany.testng.StringUtilsTest"/>
  <testcase name="multiTreadTest" time="0.0" classname="com.mycompany.testng.StringUtilsTest"/>
  <testcase name="multiTreadTest" time="0.0" classname="com.mycompany.testng.StringUtilsTest"/>
  <testcase name="multiTreadTest" time="0.0" classname="com.mycompany.testng.StringUtilsTest"/>
  <testcase name="multiTreadTest" time="0.044" classname="com.mycompany.testng.StringUtilsTest"/>
  <testcase name="isEmpty" time="0.046" classname="com.mycompany.testng.StringUtilsTest"/>
  <testcase name="dataTest" time="0.066" classname="com.mycompany.testng.StringUtilsTest"/>
  <testcase name="dataTest" time="0.0" classname="com.mycompany.testng.StringUtilsTest"/>
  <testcase name="multiTreadTest" time="0.004" classname="com.mycompany.testng.StringUtilsTest"/>
  <testcase name="multiTreadTest" time="0.005" classname="com.mycompany.testng.StringUtilsTest"/>
  <testcase name="multiTreadTest" time="0.0" classname="com.mycompany.testng.StringUtilsTest"/>
  <testcase name="multiTreadTest" time="0.008" classname="com.mycompany.testng.StringUtilsTest"/>
  <testcase name="multiTreadTest" time="0.009" classname="com.mycompany.testng.StringUtilsTest"/>
  <testcase name="multiTreadTest" time="0.001" classname="com.mycompany.testng.StringUtilsTest"/>
  <testcase name="multiTreadTest" time="0.0" classname="com.mycompany.testng.StringUtilsTest"/>
  <testcase name="multiTreadTest" time="0.002" classname="com.mycompany.testng.StringUtilsTest"/>
  <testcase name="multiTreadTest" time="0.0" classname="com.mycompany.testng.StringUtilsTest"/>
  <testcase name="multiTreadTest" time="0.007" classname="com.mycompany.testng.StringUtilsTest"/>
  <testcase name="multiTreadTest" time="0.001" classname="com.mycompany.testng.StringUtilsTest"/>
  <testcase name="multiTreadTest" time="0.0" classname="com.mycompany.testng.StringUtilsTest"/>
  <testcase name="multiTreadTest" time="0.0" classname="com.mycompany.testng.StringUtilsTest"/>
  <testcase name="multiTreadTest" time="0.0" classname="com.mycompany.testng.StringUtilsTest"/>
  <testcase name="multiTreadTest" time="0.0" classname="com.mycompany.testng.StringUtilsTest"/>
  <testcase name="multiTreadTest" time="0.0" classname="com.mycompany.testng.StringUtilsTest"/>
  <testcase name="multiTreadTest" time="0.005" classname="com.mycompany.testng.StringUtilsTest"/>
  <testcase name="multiTreadTest" time="0.012" classname="com.mycompany.testng.StringUtilsTest"/>
  <testcase name="multiTreadTest" time="0.0" classname="com.mycompany.testng.StringUtilsTest"/>
  <testcase name="multiTreadTest" time="0.0" classname="com.mycompany.testng.StringUtilsTest"/>
  <testcase name="multiTreadTest" time="0.001" classname="com.mycompany.testng.StringUtilsTest"/>
  <testcase name="multiTreadTest" time="0.0" classname="com.mycompany.testng.StringUtilsTest"/>
  <testcase name="multiTreadTest" time="0.001" classname="com.mycompany.testng.StringUtilsTest"/>
  <testcase name="multiTreadTest" time="0.0" classname="com.mycompany.testng.StringUtilsTest"/>
  <testcase name="multiTreadTest" time="0.0" classname="com.mycompany.testng.StringUtilsTest"/>
  <testcase name="multiTreadTest" time="0.0" classname="com.mycompany.testng.StringUtilsTest"/>
  <testcase name="multiTreadTest" time="0.0" classname="com.mycompany.testng.StringUtilsTest"/>
  <testcase name="multiTreadTest" time="0.0" classname="com.mycompany.testng.StringUtilsTest"/>
  <testcase name="multiTreadTest" time="0.001" classname="com.mycompany.testng.StringUtilsTest"/>
  <testcase name="multiTreadTest" time="0.036" classname="com.mycompany.testng.StringUtilsTest"/>
  <testcase name="multiTreadTest" time="0.038" classname="com.mycompany.testng.StringUtilsTest"/>
  <testcase name="multiTreadTest" time="0.001" classname="com.mycompany.testng.StringUtilsTest"/>
  <testcase name="multiTreadTest" time="0.005" classname="com.mycompany.testng.StringUtilsTest"/>
  <testcase name="multiTreadTest" time="0.002" classname="com.mycompany.testng.StringUtilsTest"/>
  <testcase name="multiTreadTest" time="0.0" classname="com.mycompany.testng.StringUtilsTest"/>
  <testcase name="multiTreadTest" time="0.0" classname="com.mycompany.testng.StringUtilsTest"/>
  <testcase name="multiTreadTest" time="0.002" classname="com.mycompany.testng.StringUtilsTest"/>
  <testcase name="multiTreadTest" time="0.001" classname="com.mycompany.testng.StringUtilsTest"/>
  <testcase name="multiTreadTest" time="0.001" classname="com.mycompany.testng.StringUtilsTest"/>
  <testcase name="multiTreadTest" time="0.001" classname="com.mycompany.testng.StringUtilsTest"/>
  <testcase name="multiTreadTest" time="0.001" classname="com.mycompany.testng.StringUtilsTest"/>
  <testcase name="multiTreadTest" time="0.001" classname="com.mycompany.testng.StringUtilsTest"/>
  <testcase name="multiTreadTest" time="0.001" classname="com.mycompany.testng.StringUtilsTest"/>
  <testcase name="multiTreadTest" time="0.0" classname="com.mycompany.testng.StringUtilsTest"/>
  <testcase name="multiTreadTest" time="0.043" classname="com.mycompany.testng.StringUtilsTest"/>
  <testcase name="multiTreadTest" time="0.001" classname="com.mycompany.testng.StringUtilsTest"/>
  <testcase name="multiTreadTest" time="0.005" classname="com.mycompany.testng.StringUtilsTest"/>
  <testcase name="multiTreadTest" time="0.001" classname="com.mycompany.testng.StringUtilsTest"/>
  <testcase name="multiTreadTest" time="0.001" classname="com.mycompany.testng.StringUtilsTest"/>
  <testcase name="multiTreadTest" time="0.001" classname="com.mycompany.testng.StringUtilsTest"/>
</testsuite>
