<?xml version="1.0" encoding="UTF-8"?>
<testsuite hostname="Elan-thinkpad" name="com.mycompany.testng.StringUtilsTest" tests="80" failures="0" timestamp="29 Aug 2013 07:31:16 GMT" time="0.178" errors="0">
  <testcase name="dataTest" time="0.003" classname="com.mycompany.testng.StringUtilsTest"/>
  <testcase name="dataTest" time="0.002" classname="com.mycompany.testng.StringUtilsTest"/>
  <testcase name="trim" time="0.014" classname="com.mycompany.testng.StringUtilsTest"/>
  <testcase name="print" time="0.009" classname="com.mycompany.testng.StringUtilsTest"/>
  <testcase name="dataTest" time="0.002" classname="com.mycompany.testng.StringUtilsTest"/>
  <testcase name="numUtil" time="0.025" classname="com.mycompany.testng.StringUtilsTest"/>
  <testcase name="factoryTest" time="0.024" classname="com.mycompany.testng.StringUtilsTest"/>
  <testcase name="factoryTest" time="0.0" classname="com.mycompany.testng.StringUtilsTest"/>
  <testcase name="numUtil" time="0.002" classname="com.mycompany.testng.StringUtilsTest"/>
  <testcase name="factoryTest" time="0.002" classname="com.mycompany.testng.StringUtilsTest"/>
  <testcase name="trim" time="0.002" classname="com.mycompany.testng.StringUtilsTest"/>
  <testcase name="print" time="0.008" classname="com.mycompany.testng.StringUtilsTest"/>
  <testcase name="print" time="0.004" classname="com.mycompany.testng.StringUtilsTest"/>
  <testcase name="dataTest" time="0.012" classname="com.mycompany.testng.StringUtilsTest"/>
  <testcase name="numUtil" time="0.002" classname="com.mycompany.testng.StringUtilsTest"/>
  <testcase name="trim" time="0.015" classname="com.mycompany.testng.StringUtilsTest"/>
  <testcase name="dataTest" time="0.006" classname="com.mycompany.testng.StringUtilsTest"/>
  <testcase name="factoryTest" time="0.002" classname="com.mycompany.testng.StringUtilsTest"/>
  <testcase name="dataTest" time="0.002" classname="com.mycompany.testng.StringUtilsTest"/>
  <testcase name="trim" time="0.003" classname="com.mycompany.testng.StringUtilsTest"/>
  <testcase name="dataTest" time="0.002" classname="com.mycompany.testng.StringUtilsTest"/>
  <testcase name="print" time="0.001" classname="com.mycompany.testng.StringUtilsTest"/>
  <testcase name="numUtil" time="0.002" classname="com.mycompany.testng.StringUtilsTest"/>
  <testcase name="dataTest" time="0.001" classname="com.mycompany.testng.StringUtilsTest"/>
  <testcase name="dataTest" time="0.002" classname="com.mycompany.testng.StringUtilsTest"/>
  <testcase name="trim" time="0.001" classname="com.mycompany.testng.StringUtilsTest"/>
  <testcase name="print" time="0.001" classname="com.mycompany.testng.StringUtilsTest"/>
  <testcase name="numUtil" time="0.001" classname="com.mycompany.testng.StringUtilsTest"/>
  <testcase name="factoryTest" time="0.007" classname="com.mycompany.testng.StringUtilsTest"/>
  <testcase name="dataTest" time="0.004" classname="com.mycompany.testng.StringUtilsTest"/>
  <testcase name="factoryTest" time="0.0" classname="com.mycompany.testng.StringUtilsTest"/>
  <testcase name="dataTest" time="0.001" classname="com.mycompany.testng.StringUtilsTest"/>
  <testcase name="dataTest" time="0.0" classname="com.mycompany.testng.StringUtilsTest"/>
  <testcase name="print" time="0.002" classname="com.mycompany.testng.StringUtilsTest"/>
  <testcase name="numUtil" time="0.001" classname="com.mycompany.testng.StringUtilsTest"/>
  <testcase name="dataTest" time="0.001" classname="com.mycompany.testng.StringUtilsTest"/>
  <testcase name="dataTest" time="0.001" classname="com.mycompany.testng.StringUtilsTest"/>
  <testcase name="dataTest" time="0.007" classname="com.mycompany.testng.StringUtilsTest"/>
  <testcase name="factoryTest" time="0.001" classname="com.mycompany.testng.StringUtilsTest"/>
  <testcase name="trim" time="0.0" classname="com.mycompany.testng.StringUtilsTest"/>
  <testcase name="trim" time="0.008" classname="com.mycompany.testng.StringUtilsTest"/>
  <testcase name="print" time="0.001" classname="com.mycompany.testng.StringUtilsTest"/>
  <testcase name="numUtil" time="0.001" classname="com.mycompany.testng.StringUtilsTest"/>
  <testcase name="dataTest" time="0.002" classname="com.mycompany.testng.StringUtilsTest"/>
  <testcase name="dataTest" time="0.001" classname="com.mycompany.testng.StringUtilsTest"/>
  <testcase name="dataTest" time="0.006" classname="com.mycompany.testng.StringUtilsTest"/>
  <testcase name="dataTest" time="0.001" classname="com.mycompany.testng.StringUtilsTest"/>
  <testcase name="dataTest" time="0.001" classname="com.mycompany.testng.StringUtilsTest"/>
  <testcase name="trim" time="0.0" classname="com.mycompany.testng.StringUtilsTest"/>
  <testcase name="print" time="0.0" classname="com.mycompany.testng.StringUtilsTest"/>
  <testcase name="numUtil" time="0.001" classname="com.mycompany.testng.StringUtilsTest"/>
  <testcase name="dataTest" time="0.001" classname="com.mycompany.testng.StringUtilsTest"/>
  <testcase name="dataTest" time="0.001" classname="com.mycompany.testng.StringUtilsTest"/>
  <testcase name="factoryTest" time="0.027" classname="com.mycompany.testng.StringUtilsTest"/>
  <testcase name="factoryTest" time="0.002" classname="com.mycompany.testng.StringUtilsTest"/>
  <testcase name="dataTest" time="0.005" classname="com.mycompany.testng.StringUtilsTest"/>
  <testcase name="numUtil" time="0.0" classname="com.mycompany.testng.StringUtilsTest"/>
  <testcase name="print" time="0.002" classname="com.mycompany.testng.StringUtilsTest"/>
  <testcase name="trim" time="0.005" classname="com.mycompany.testng.StringUtilsTest"/>
  <testcase name="dataTest" time="0.001" classname="com.mycompany.testng.StringUtilsTest"/>
  <testcase name="print" time="0.001" classname="com.mycompany.testng.StringUtilsTest"/>
  <testcase name="dataTest" time="0.001" classname="com.mycompany.testng.StringUtilsTest"/>
  <testcase name="numUtil" time="0.001" classname="com.mycompany.testng.StringUtilsTest"/>
  <testcase name="dataTest" time="0.0" classname="com.mycompany.testng.StringUtilsTest"/>
  <testcase name="dataTest" time="0.001" classname="com.mycompany.testng.StringUtilsTest"/>
  <testcase name="isEmpty" time="0.001" classname="com.mycompany.testng.StringUtilsTest"/>
  <testcase name="dataTest" time="0.01" classname="com.mycompany.testng.StringUtilsTest"/>
  <testcase name="trim" time="0.009" classname="com.mycompany.testng.StringUtilsTest"/>
  <testcase name="factoryTest" time="0.01" classname="com.mycompany.testng.StringUtilsTest"/>
  <testcase name="dataTest" time="0.001" classname="com.mycompany.testng.StringUtilsTest"/>
  <testcase name="isEmpty" time="0.001" classname="com.mycompany.testng.StringUtilsTest"/>
  <testcase name="dataTest" time="0.001" classname="com.mycompany.testng.StringUtilsTest"/>
  <testcase name="isEmpty" time="0.001" classname="com.mycompany.testng.StringUtilsTest"/>
  <testcase name="isEmpty" time="0.001" classname="com.mycompany.testng.StringUtilsTest"/>
  <testcase name="isEmpty" time="0.004" classname="com.mycompany.testng.StringUtilsTest"/>
  <testcase name="isEmpty" time="0.0" classname="com.mycompany.testng.StringUtilsTest"/>
  <testcase name="isEmpty" time="0.003" classname="com.mycompany.testng.StringUtilsTest"/>
  <testcase name="isEmpty" time="0.0" classname="com.mycompany.testng.StringUtilsTest"/>
  <testcase name="isEmpty" time="0.001" classname="com.mycompany.testng.StringUtilsTest"/>
  <testcase name="isEmpty" time="0.001" classname="com.mycompany.testng.StringUtilsTest"/>
</testsuite>
