<?xml version="1.0" encoding="UTF-8"?>
<testng-results skipped="0" failed="0" total="1" passed="1">
  <reporter-output>
  </reporter-output>
  <suite name="Default suite" duration-ms="22" started-at="2013-09-07T12:54:43Z" finished-at="2013-09-07T12:54:43Z">
    <groups>
    </groups>
    <test name="Default test" duration-ms="22" started-at="2013-09-07T12:54:43Z" finished-at="2013-09-07T12:54:43Z">
      <class name="com.mycompany.practice.ConvertorTest">
        <test-method status="PASS" signature="test()" name="test" duration-ms="13" started-at="2013-09-07T12:54:43Z" finished-at="2013-09-07T12:54:43Z">
        </test-method>
      </class>
    </test>
  </suite>
</testng-results>
